   0.0000000000000000        0.0000000000000000     
  1.49895195009440213E-003  1.49895195009440213E-003
  1.04926605504730118E-002  1.49895138427869447E-003
  2.09853191861575014E-002  1.49895111467001664E-003
  3.14779758073584076E-002  1.49895091967449040E-003
  4.04716806967292189E-002  1.49895072241602758E-003
  5.09643356548259083E-002  1.49895067796225684E-003
  6.14569898514890078E-002  1.49895073602270890E-003
  7.04506935066316342E-002  1.49895060703076222E-003
  8.09433473547965382E-002  1.49895052773040493E-003
  9.14360007142053927E-002  1.49895048086754628E-003
  0.10042970365569137       1.49895045965923015E-003
  0.11092235713823172       1.49895036772397061E-003
  0.12141500979545790       1.49895037830671861E-003
  0.13040871215391381       1.49895038081676569E-003
  0.14090136465635153       1.49895037882759471E-003
  0.15139401639248240       1.49895025187327374E-003
  0.16038771676132643       1.49895019558663346E-003
  0.17088036831778011       1.49895042908651651E-003
  0.18137301943425432       1.49895027008021490E-003
  0.19036672050101247       1.49895018710431965E-003
  0.20085937181578323       1.49895006717277774E-003
  0.21135202149457666       1.49894995021176351E-003
  0.22034572256037205       1.49894997454834747E-003
  0.23083837092022047       1.49894991471744422E-003
  0.24133102172494303       1.49895007893954997E-003
  0.25032472143686268       1.49895000283937563E-003
  0.26081737158895157       1.49895001280628596E-003
  0.27131002048903141       1.49894983972106576E-003
  0.28030371995124870       1.49894982273159169E-003
  0.29079636862910557       1.49894972807891819E-003
  0.30128901498405608       1.49894961587888030E-003
  0.31028271332384699       1.49894973723902142E-003
  0.32077535969004778       1.49894969926291544E-003
  0.33126800714292626       1.49894949214709377E-003
  0.34026170431309327       1.49894968095365681E-003
  0.35075435144840478       1.49894958822149220E-003
  0.36124699820837630       1.49894928291108916E-003
  0.37024069536540716       1.49894948699472305E-003
  0.38073334068941078       1.49894898684583720E-003
  0.39122598746804654       1.49894980328150367E-003
  0.40021968490476334       1.49894932867379810E-003
  0.41071233164658644       1.49894954748817943E-003
  0.42120497790861666       1.49894940765870179E-003
  0.43019867569220832       1.49894952694949149E-003
  0.44069132229850166       1.49894960937331317E-003
  0.45118396924628301       1.49894971321391205E-003
  0.46017766679347760       1.49894959993556874E-003
  0.47067031437173651       1.49894967386415747E-003
  0.48116296182280766       1.49894950977323737E-003
  0.49015665918764301       1.49894931780465679E-003
  0.50064930610226821       1.49894962953311408E-003
  0.51114195285444353       1.49894936579794778E-003
  0.52013564996242390       1.49894945682652546E-003
  0.53062829498050157       1.49894923929239305E-003
  0.54112094067303862       1.49894948296502004E-003
  0.55011463737178479       1.49894932947380985E-003
  0.56060728308720242       1.49894942657905470E-003
  0.57109992939005649       1.49894951369935895E-003
  0.58009362602883596       1.49894967009186076E-003
  0.59058627255694984       1.49894932535003019E-003
  0.60107891906813360       1.49894964919237246E-003
  0.61007261681065483       1.49894955185182538E-003
  0.62056526351920638       1.49894951431427006E-003
  0.63105791039705039       1.49894946863636698E-003
  0.64005160739856282       1.49894954689789878E-003
  0.65054425216832168       1.49894918703171722E-003
  0.66103689753141359       1.49894922910626051E-003
  0.67003059181324964       1.49894892498459169E-003
  0.68052323695831518       1.49894941279837086E-003
  0.69101588201275743       1.49894919766932759E-003
  0.70000957704380318       1.49894915437892421E-003
  0.71050222089085391       1.49894908406244653E-003
  0.72099486383125277       1.49894888972240225E-003
  0.73148750629692405       1.49894902031144184E-003
  0.74048120039333609       1.49894903061673491E-003
  0.75097384168927894       1.49894864121240864E-003
  0.76146648495840452       1.49894905485795267E-003
  0.77046017791345556       1.49894919320777906E-003
  0.78095282211454975       1.49894885638402419E-003
  0.79144546318610787       1.49894885358173345E-003
  0.80043915747793515       1.49894925437099526E-003
  0.81093180121603403       1.49894913254284461E-003
  0.82142444262430925       1.49894873531737638E-003
  0.83041813623000449       1.49894890287277649E-003
  0.84091077880349785       1.49894869902593084E-003
  0.85140341904168992       1.49894816354744940E-003
  0.86039711078458203       1.49894874682166370E-003
  0.87088975335225105       1.49894899511486654E-003
  0.88138239498058280       1.49894869126134152E-003
  0.89037608590655248       1.49894841124503559E-003
  0.90086872606237833       1.49894851284509598E-003
  0.91136136741557439       1.49894870135656479E-003
  0.92035505839556730       1.49894877618558342E-003
  0.93084769662714806       1.49894813260142523E-003
  0.94134033543611162       1.49894858602997753E-003
  0.95033402721561733       1.49894868333923085E-003
  0.96082666928660743       1.49894882519620884E-003
  0.97131930891729235       1.49894854528286395E-003
  0.98031300221840589       1.49894888754512436E-003
  0.99080564195212018       1.49894840225541946E-003
   1.0012982836815554       1.49894878566022584E-003
   1.0102919752527642       1.49894856567749958E-003
   1.0207846151022810       1.49894827047656731E-003
   1.0312772498331098       1.49894801297173409E-003
   1.0402709413238853       1.49894802154444998E-003
   1.0507635728795699       1.49894809461232031E-003
   1.0612562101749692       1.49894808369212696E-003
   1.0702498964266998       1.49894737428177272E-003
   1.0807425327267270       1.49894815616496199E-003
   1.0912351700070579       1.49894811179776500E-003
   1.1002288598068899       1.49894823746809288E-003
   1.1107214957313456       1.49894828596254656E-003
   1.1212141359402155       1.49894860186358041E-003
   1.1302078250079270       1.49894781702714433E-003
   1.1407004628230637       1.49894827842047412E-003
   1.1511930987800616       1.49894744143793984E-003
   1.1601867871421603       1.49894840136667465E-003
   1.1706794253254462       1.49894843393376734E-003
   1.1811720617844206       1.49894814099782924E-003
   1.1901657464772846       1.49894755252619432E-003
   1.2006583808662858       1.49894726897602400E-003
   1.2111510132603791       1.49894734840649185E-003
   1.2201446998555592       1.49894766297833221E-003
   1.2306373313996539       1.49894740979361206E-003
   1.2411299657801769       1.49894808021406038E-003
   1.2501236542747853       1.49894781012852160E-003
   1.2606162813703126       1.49894713031069066E-003
   1.2711089195672045       1.49894833759725067E-003
   1.2801026035333851       1.49894674392561070E-003
   1.2905952357833415       1.49894848735879715E-003
   1.3010878718833698       1.49894719908157700E-003
   1.3100815537194122       1.49894744020718780E-003
   1.3205741906656068       1.49894773956233220E-003
   1.3310668181434826       1.49894644682083827E-003
   1.3400605053854788       1.49894845115733019E-003
   1.3505531377441400       1.49894632624229677E-003
   1.3610457687341502       1.49894828167648764E-003
   1.3700394580502839       1.49894793193135678E-003
   1.3805320896634661       1.49894731839308190E-003
   1.3910247255499806       1.49894797944803357E-003
   1.4000184114173251       1.49894794296413477E-003
   1.4105110451071543       1.49894783620478341E-003
   1.4210036794766909       1.49894731693743055E-003
   1.4314963116134494       1.49894736272821122E-003
   1.4404899954922523       1.49894737709982016E-003
   1.4509826240404358       1.49894723189617613E-003
   1.4614752572613201       1.49894729421369013E-003
   1.4704689425872339       1.49894760644073187E-003
   1.4809615742223614       1.49894755625902651E-003
   1.4914542045772821       1.49894753478161660E-003
   1.5004478898130245       1.49894756106795602E-003
   1.5109405203765631       1.49894697738065332E-003
   1.5214331515392616       1.49894731456612709E-003
   1.5304268363483768       1.49894777812125822E-003
   1.5409194663930676       1.49894725150021479E-003
   1.5514120970963772       1.49894738569859051E-003
   1.5604057772482500       1.49894635595571859E-003
   1.5708984078184216       1.49894746613017812E-003
   1.5813910409198810       1.49894733243524799E-003
   1.5903847247287857       1.49894720305005793E-003
   1.6008773587795604       1.49894762422850335E-003
   1.6113699913298831       1.49894755252400207E-003
   1.6203636761311317       1.49894772842650275E-003
   1.6308563095681148       1.49894745006735777E-003
   1.6413489397034009       1.49894738829073034E-003
   1.6503426260201661       1.49894753873424107E-003
   1.6608352560404054       1.49894676320746958E-003
   1.6713278873358335       1.49894767825876278E-003
   1.6803215677949963       1.49894610211022709E-003
   1.6908141963430161       1.49894712222873087E-003
   1.7013068258687523       1.49894674484103252E-003
   1.7103005043260169       1.49894619329416336E-003
   1.7207931314639366       1.49894669051107705E-003
   1.7312857587320769       1.49894622870814826E-003
   1.7402794366409506       1.49894604725092358E-003
   1.7507720624488361       1.49894696696246488E-003
   1.7612646870871727       1.49894653062030911E-003
   1.7702583644916523       1.49894615941755871E-003
   1.7807509857757600       1.49894597396574075E-003
   1.7912436075211655       1.49894584764536276E-003
   1.8002372812302849       1.49894520909980822E-003
   1.8107298732385950       1.49893894062873225E-003
   1.8212224224652405       1.49893338599959777E-003
   1.8302160095091951       1.49892961566816161E-003
   1.8407085008541957       1.49892580759396730E-003
   1.8512009718735194       1.49892358380942776E-003
   1.8601945111043134       1.49892309993178495E-003
   1.8706869735169700       1.49892339185959695E-003
   1.8811794388655805       1.49892381229299728E-003
   1.8901729805757215       1.49892350605176743E-003
   1.9006654435470127       1.49892207724327251E-003
   1.9111578554756736       1.49891062584401875E-003
   1.9201512716465914       1.49889651340107729E-003
   1.9306434569146718       1.49887289126493300E-003
   1.9411354498611539       1.49884273088571091E-003
   1.9501284027547470       1.49881266243492893E-003
   1.9606199386232417       1.49877409776194809E-003
   1.9711111954932390       1.49873327742961978E-003
   1.9801034675313536       1.49869668516220832E-003
   1.9905941748123313       1.49865434426743106E-003
   2.0010845877020476       1.49861257512018636E-003
   2.0100761401190872       1.49857751006370206E-003
   2.0205660204053664       1.49853703305918113E-003
   2.0310556192768758       1.49849704067174560E-003
   2.0400464826506264       1.49846317513928915E-003
   2.0505355696635439       1.49842452765118006E-003
   2.0610243890813011       1.49838652086042661E-003
   2.0700145994216834       1.49835576786440492E-003
   2.0805029573981022       1.49832321195272899E-003
   2.0909911044182174       1.49829499869361788E-003
   2.1014790722602581       1.49827141154192014E-003
   2.1104686420142111       1.49825518466454970E-003
   2.1209563696180571       1.49824125838435968E-003
   2.1314440186064574       1.49823177131352589E-003
   2.1404333870418371       1.49822569262125782E-003
   2.1509208322860256       1.49818167028194834E-003
   2.1614078622526169       1.49812151017608350E-003
   2.1703964145492676       1.49807106867069469E-003
   2.1808826788470452       1.49801299606287016E-003
   2.1913685439966777       1.49795693831350843E-003
   2.2003561273286909       1.49791231489373555E-003
   2.2108413254963084       1.49786632514545184E-003
   2.2213262321314913       1.49782809595075546E-003
   2.2303131063192758       1.49780196689394208E-003
   2.2407976236535525       1.49777894277601693E-003
   2.2512820077743174       1.49776275356068599E-003
   2.2602685509346094       1.49775375755529616E-003
   2.2707528005415600       1.49774768368030118E-003
   2.2812370227308696       1.49774506080360605E-003
   2.2902234882293744       1.49774374569789704E-003
   2.3007076475317150       1.49772878546103046E-003
   2.3111916486970974       1.49770281627217752E-003
   2.3201777716458030       1.49767554884592180E-003
   2.3306613621847010       1.49764043660547764E-003
   2.3411446946520633       1.49760261693530146E-003
   2.3501301943480661       1.49756931943959633E-003
   2.3606130166520738       1.49752839610978791E-003
   2.3710955541573466       1.49748840173689825E-003
   2.3800803661821113       1.49745408108288287E-003
   2.3905623679110373       1.49740965536026963E-003
   2.4010440576914727       1.49736506489576027E-003
   2.4100281110160595       1.49732594247292336E-003
   2.4205092177154142       1.49728280244386760E-003
   2.4309900076565825       1.49722791218998550E-003
   2.4414702982378769       1.49715195355059824E-003
   2.4504529879319463       1.49708887574688120E-003
   2.4609323245669330       1.49701777103319607E-003
   2.4714111712240938       1.49694855211972917E-003
   2.4803926576715840       1.49689016816663238E-003
   2.4908706236875062       1.49682438061460050E-003
   2.5013481457839943       1.49676287933032059E-003
   2.5103285519307157       1.49671471466428902E-003
   2.5208053546000988       1.49666583674119141E-003
   2.5312818467945730       1.49662461170200827E-003
   2.5402614836841559       1.49659350829170327E-003
   2.5507375266218979       1.49656850112342464E-003
   2.5612134804565425       1.49656426508768979E-003
   2.5701928855575997       1.49657047577579031E-003
   2.5806689118384414       1.49657839092182804E-003
   2.5911449929471382       1.49658646465499444E-003
   2.6001245386660163       1.49659429732488386E-003
   2.6106007322374634       1.49660298530678092E-003
   2.6210769876079039       1.49661192687486452E-003
   2.6300566868535817       1.49661989763498092E-003
   2.6405330602737789       1.49662797406299904E-003
   2.6510094912743627       1.49663695137463313E-003
   2.6614859920035139       1.49664760761249378E-003
   2.6704659040934211       1.49665502549034351E-003
   2.6809425209849613       1.49666321776680293E-003
   2.6914192013587552       1.49667259654820070E-003
   2.7003992648654660       1.49668037779454827E-003
   2.7108760624876642       1.49668934480897157E-003
   2.7213529225450905       1.49669788033601888E-003
   2.7303331355202252       1.49670517905828933E-003
   2.7408101053326139       1.49671363291748773E-003
   2.7512871251394477       1.49671898301908255E-003
   2.7602674499743904       1.49672209072844605E-003
   2.7707445181248183       1.49672527290996846E-003
   2.7812216055049279       1.49672809449105920E-003
   2.7902019842623345       1.49673110244030413E-003
   2.8006791151371280       1.49673396634033271E-003
   2.8111562598350930       1.49673558100445691E-003
   2.8201366751855526       1.49673610598179954E-003
   2.8306138383613391       1.49673905820504145E-003
   2.8410910246674068       1.49674181923295166E-003
   2.8500714784973100       1.49674267643102503E-003
   2.8605484631233886       1.49663333016618414E-003
   2.8710238953591420       1.49638601756433187E-003
   2.8800015207346066       1.49619086533942154E-003
   2.8904740156818103       1.49598392561429050E-003
   2.9009451612828108       1.49580241033027417E-003
   2.9114151520762386       1.49565021456892541E-003
   2.9203886677339312       1.49554275513488506E-003
   2.9308570415506914       1.49543951824449971E-003
   2.9413247885197160       1.49536143395469332E-003
   2.9502968125685283       1.49532463647108539E-003
   2.9607640298916293       1.49531426316630795E-003
   2.9712312593312040       1.49532638671342013E-003
   2.9802033139831501       1.49535492267701244E-003
   2.9906709507716647       1.49539328341586849E-003
