  3.25859119585739619E-003  3.25859119585739619E-003
   1.0026818751679072       3.23796801528967743E-003
   2.0004746684972869       3.24200572893123488E-003
   3.0025702617916776       3.24462217915587499E-003
   4.0014959212504175       3.24096339239309840E-003
   5.0002826126439546       3.24194262714532291E-003
   6.0022218710575732       3.24332990838846697E-003
   7.0013484036367553       3.24446743452434490E-003
   8.0008052765749369       3.24550063940822874E-003
   9.0005703778477670       3.24646537268097422E-003
   10.000621374124286       3.24735588327065405E-003
   11.000935570035502       3.24817197005530627E-003
   12.001468893792858       3.24891101765449304E-003
   13.002239881113118       3.24958255443308624E-003
   14.003208301376173       3.25019516182133454E-003
   15.000674121597976       3.24869239166768404E-003
   16.001563488122720       3.24995671764622676E-003
   17.002592283051303       3.24962517466949796E-003
   18.000231957524257       3.24889253463615238E-003
   19.001011672982088       3.24998941523768625E-003
   20.002050623651151       3.25025741219905212E-003
   21.000064513545013       3.25077214334442951E-003
   22.000951138314186       3.24814453952132530E-003
   23.001003151618171       3.24696076859232446E-003
   24.001499917030227       3.24972295037285162E-003
   25.002378519503715       3.24968765984397136E-003
   26.003218650319308       3.24889661433259286E-003
   27.000785774490510       3.24952290148317058E-003
   28.001771168514797       3.24954119425748238E-003
   29.002031083614860       3.24960017646940425E-003
   30.003228353188454       3.25072932428596001E-003
   31.000471945623612       3.25041034190490285E-003
   32.001764391081686       3.25030494395290529E-003
   33.002601432022956       3.25006453724893587E-003
   34.000184824077380       3.24806659202384138E-003
   35.000521828647415       3.24706571924357869E-003
   36.000932528583895       3.24788526245230668E-003
   37.001209381640130       3.24695678236559858E-003
   38.001411763304056       3.24748694781231556E-003
   39.001441841313344       3.24651935263164503E-003
   40.001708864705755       3.24759076270013814E-003
   41.001785219952211       3.24692837915867890E-003
   42.002063763773840       3.24785274953109460E-003
   43.002421514172234       3.24807150529849483E-003
   44.002899119873689       3.24875092409333517E-003
   45.000325610610204       3.24910838811578746E-003
